<?xml version="1.0" encoding="UTF-8"?>
<testng-results skipped="0" failed="1" total="1" passed="0">
  <reporter-output>
  </reporter-output>
  <suite name="registration-test" duration-ms="28" started-at="2016-09-21T07:06:54Z" finished-at="2016-09-21T07:06:54Z">
    <groups>
    </groups>
    <test name="Registration-withRandomEmailID2" duration-ms="28" started-at="2016-09-21T07:06:54Z" finished-at="2016-09-21T07:06:54Z">
      <class name="com.formsdirectinc.qa.app.registration.testcase.scriptsCheck">
        <test-method status="FAIL" signature="registrationScripTtest(java.lang.String, java.lang.String, java.lang.String, java.lang.String, java.lang.String, java.lang.String)[pri:0, instance:null]" name="registrationScripTtest" duration-ms="12" started-at="2016-09-21T12:36:54Z" finished-at="2016-09-21T12:36:54Z">
          <params>
            <param index="0">
              <value>
                <![CDATA[AIC]]>
              </value>
            </param>
            <param index="1">
              <value>
                <![CDATA[https://www.us-immigration.com]]>
              </value>
            </param>
            <param index="2">
              <value>
                <![CDATA[i90]]>
              </value>
            </param>
            <param index="3">
              <value>
                <![CDATA[]]>
              </value>
            </param>
            <param index="4">
              <value>
                <![CDATA[123456]]>
              </value>
            </param>
            <param index="5">
              <value>
                <![CDATA[Test]]>
              </value>
            </param>
          </params>
          <exception class="org.testng.TestNGException">
            <message>
              <![CDATA[
Can't invoke public void com.formsdirectinc.qa.app.registration.testcase.scriptsCheck.registrationScripTtest(java.lang.String,java.lang.String,java.lang.String,java.lang.String,java.lang.String,java.lang.String) throws java.lang.Exception: either make it static or add a no-args constructor to your class]]>
            </message>
            <full-stacktrace>
              <![CDATA[org.testng.TestNGException: 
Can't invoke public void com.formsdirectinc.qa.app.registration.testcase.scriptsCheck.registrationScripTtest(java.lang.String,java.lang.String,java.lang.String,java.lang.String,java.lang.String,java.lang.String) throws java.lang.Exception: either make it static or add a no-args constructor to your class
	at org.testng.internal.Utils.checkInstanceOrStatic(Utils.java:790)
	at org.testng.internal.MethodInvocationHelper.invokeMethod(MethodInvocationHelper.java:42)
	at org.testng.internal.Invoker.invokeMethod(Invoker.java:643)
	at org.testng.internal.Invoker.invokeTestMethod(Invoker.java:820)
	at org.testng.internal.Invoker.invokeTestMethods(Invoker.java:1128)
	at org.testng.internal.TestMethodWorker.invokeTestMethods(TestMethodWorker.java:129)
	at org.testng.internal.TestMethodWorker.run(TestMethodWorker.java:112)
	at org.testng.TestRunner.privateRun(TestRunner.java:782)
	at org.testng.TestRunner.run(TestRunner.java:632)
	at org.testng.SuiteRunner.runTest(SuiteRunner.java:366)
	at org.testng.SuiteRunner.access$000(SuiteRunner.java:39)
	at org.testng.SuiteRunner$SuiteWorker.run(SuiteRunner.java:400)
	at org.testng.internal.thread.ThreadUtil$2.call(ThreadUtil.java:64)
	at java.util.concurrent.FutureTask.run(Unknown Source)
	at java.util.concurrent.ThreadPoolExecutor.runWorker(Unknown Source)
	at java.util.concurrent.ThreadPoolExecutor$Worker.run(Unknown Source)
	at java.lang.Thread.run(Unknown Source)
]]>
            </full-stacktrace>
          </exception> <!-- org.testng.TestNGException -->
          <reporter-output>
          </reporter-output>
        </test-method> <!-- registrationScripTtest -->
      </class> <!-- com.formsdirectinc.qa.app.registration.testcase.scriptsCheck -->
    </test> <!-- Registration-withRandomEmailID2 -->
  </suite> <!-- registration-test -->
</testng-results>
