<?xml version="1.0" encoding="UTF-8"?>
<!-- Generated by org.testng.reporters.JUnitXMLReporter -->
<testsuite hostname="otywin-17" name="Registration-withUserEmailID" tests="1" failures="1" timestamp="19 Sep 2016 14:03:22 GMT" time="64.382" errors="0">
  <testcase name="registrationtest" time="58.666" classname="com.formsdirectinc.qa.app.registration.RegistrationTest">
    <failure type="java.lang.AssertionError" message="An account already exists for the e-mail address you provided. Please sign-in to your account">
      <![CDATA[java.lang.AssertionError: An account already exists for the e-mail address you provided. Please sign-in to your account
	at com.formsdirectinc.qa.utils.CheckPageErrors.checkWhetherPageHasError(CheckPageErrors.java:38)
	at com.formsdirectinc.qa.app.registration.RegistrationTest.registrationtest(RegistrationTest.java:117)
	at java.util.concurrent.FutureTask.run(Unknown Source)
	at java.util.concurrent.ThreadPoolExecutor.runWorker(Unknown Source)
	at java.util.concurrent.ThreadPoolExecutor$Worker.run(Unknown Source)
	at java.lang.Thread.run(Unknown Source)
... Removed 17 stack frames]]>
    </failure>
  </testcase> <!-- registrationtest -->
</testsuite> <!-- Registration-withUserEmailID -->
