<?xml version="1.0" encoding="UTF-8"?>
<!-- Generated by org.testng.reporters.JUnitXMLReporter -->
<testsuite hostname="otywin-17" name="Registration-withRandomEmailID2" tests="1" failures="1" timestamp="21 Sep 2016 07:06:54 GMT" time="0.028" errors="0">
  <testcase name="registrationScripTtest" time="0.012" classname="com.formsdirectinc.qa.app.registration.testcase.scriptsCheck">
    <failure type="org.testng.TestNGException" message="
Can&amp;apos;t invoke public void com.formsdirectinc.qa.app.registration.testcase.scriptsCheck.registrationScripTtest(java.lang.String,java.lang.String,java.lang.String,java.lang.String,java.lang.String,java.lang.String) throws java.lang.Exception: either make it static or add a no-args constructor to your class">
      <![CDATA[org.testng.TestNGException: 
Can't invoke public void com.formsdirectinc.qa.app.registration.testcase.scriptsCheck.registrationScripTtest(java.lang.String,java.lang.String,java.lang.String,java.lang.String,java.lang.String,java.lang.String) throws java.lang.Exception: either make it static or add a no-args constructor to your class
	at java.util.concurrent.FutureTask.run(Unknown Source)
	at java.util.concurrent.ThreadPoolExecutor.runWorker(Unknown Source)
	at java.util.concurrent.ThreadPoolExecutor$Worker.run(Unknown Source)
	at java.lang.Thread.run(Unknown Source)
... Removed 13 stack frames]]>
    </failure>
  </testcase> <!-- registrationScripTtest -->
</testsuite> <!-- Registration-withRandomEmailID2 -->
